h:\课程设计\陈斌程序\陈斌程序\mapManager versions\mapManager最终\mapManager - 副本\debug\mapManager.bsc
h:\课程设计\陈斌程序\陈斌程序\mapManager versions\mapManager最终\mapManager - 副本\debug\mapManager.pch
h:\课程设计\陈斌程序\陈斌程序\mapManager versions\mapManager最终\mapManager - 副本\debug\stdafx.sbr
h:\课程设计\陈斌程序\陈斌程序\mapManager versions\mapManager最终\mapManager - 副本\debug\stdafx.obj
h:\课程设计\陈斌程序\陈斌程序\mapManager versions\mapManager最终\mapManager - 副本\debug\vc100.pdb
h:\课程设计\陈斌程序\陈斌程序\mapManager versions\mapManager最终\mapManager - 副本\debug\viewbitmap.sbr
h:\课程设计\陈斌程序\陈斌程序\mapManager versions\mapManager最终\mapManager - 副本\debug\truecolortoolbar.sbr
h:\课程设计\陈斌程序\陈斌程序\mapManager versions\mapManager最终\mapManager - 副本\debug\splash.sbr
h:\课程设计\陈斌程序\陈斌程序\mapManager versions\mapManager最终\mapManager - 副本\debug\sizecbar.sbr
h:\课程设计\陈斌程序\陈斌程序\mapManager versions\mapManager最终\mapManager - 副本\debug\polysymboldlg.sbr
h:\课程设计\陈斌程序\陈斌程序\mapManager versions\mapManager最终\mapManager - 副本\debug\polygonsymbol.sbr
h:\课程设计\陈斌程序\陈斌程序\mapManager versions\mapManager最终\mapManager - 副本\debug\pointsymboldlg.sbr
h:\课程设计\陈斌程序\陈斌程序\mapManager versions\mapManager最终\mapManager - 副本\debug\pointsymbol.sbr
h:\课程设计\陈斌程序\陈斌程序\mapManager versions\mapManager最终\mapManager - 副本\debug\mapManagerview.sbr
h:\课程设计\陈斌程序\陈斌程序\mapManager versions\mapManager最终\mapManager - 副本\debug\mapManagerdockpagebar.sbr
h:\课程设计\陈斌程序\陈斌程序\mapManager versions\mapManager最终\mapManager - 副本\debug\mapManagerdoc.sbr
h:\课程设计\陈斌程序\陈斌程序\mapManager versions\mapManager最终\mapManager - 副本\debug\mapManager.sbr
h:\课程设计\陈斌程序\陈斌程序\mapManager versions\mapManager最终\mapManager - 副本\debug\maptree.sbr
h:\课程设计\陈斌程序\陈斌程序\mapManager versions\mapManager最终\mapManager - 副本\debug\mainfrm.sbr
h:\课程设计\陈斌程序\陈斌程序\mapManager versions\mapManager最终\mapManager - 副本\debug\linesymboldlg.sbr
h:\课程设计\陈斌程序\陈斌程序\mapManager versions\mapManager最终\mapManager - 副本\debug\linesymbol.sbr
h:\课程设计\陈斌程序\陈斌程序\mapManager versions\mapManager最终\mapManager - 副本\debug\layerchoosedlg.sbr
h:\课程设计\陈斌程序\陈斌程序\mapManager versions\mapManager最终\mapManager - 副本\debug\index.sbr
h:\课程设计\陈斌程序\陈斌程序\mapManager versions\mapManager最终\mapManager - 副本\debug\hawkeyedlg.sbr
h:\课程设计\陈斌程序\陈斌程序\mapManager versions\mapManager最终\mapManager - 副本\debug\grid.sbr
h:\课程设计\陈斌程序\陈斌程序\mapManager versions\mapManager最终\mapManager - 副本\debug\grid.obj
h:\课程设计\陈斌程序\陈斌程序\mapManager versions\mapManager最终\mapManager - 副本\debug\hawkeyedlg.obj
h:\课程设计\陈斌程序\陈斌程序\mapManager versions\mapManager最终\mapManager - 副本\debug\index.obj
h:\课程设计\陈斌程序\陈斌程序\mapManager versions\mapManager最终\mapManager - 副本\debug\layerchoosedlg.obj
h:\课程设计\陈斌程序\陈斌程序\mapManager versions\mapManager最终\mapManager - 副本\debug\linesymbol.obj
h:\课程设计\陈斌程序\陈斌程序\mapManager versions\mapManager最终\mapManager - 副本\debug\linesymboldlg.obj
h:\课程设计\陈斌程序\陈斌程序\mapManager versions\mapManager最终\mapManager - 副本\debug\mainfrm.obj
h:\课程设计\陈斌程序\陈斌程序\mapManager versions\mapManager最终\mapManager - 副本\debug\maptree.obj
h:\课程设计\陈斌程序\陈斌程序\mapManager versions\mapManager最终\mapManager - 副本\debug\mapManager.obj
h:\课程设计\陈斌程序\陈斌程序\mapManager versions\mapManager最终\mapManager - 副本\debug\mapManagerdoc.obj
h:\课程设计\陈斌程序\陈斌程序\mapManager versions\mapManager最终\mapManager - 副本\debug\mapManagerdockpagebar.obj
h:\课程设计\陈斌程序\陈斌程序\mapManager versions\mapManager最终\mapManager - 副本\debug\mapManagerview.obj
h:\课程设计\陈斌程序\陈斌程序\mapManager versions\mapManager最终\mapManager - 副本\debug\pointsymbol.obj
h:\课程设计\陈斌程序\陈斌程序\mapManager versions\mapManager最终\mapManager - 副本\debug\pointsymboldlg.obj
h:\课程设计\陈斌程序\陈斌程序\mapManager versions\mapManager最终\mapManager - 副本\debug\polygonsymbol.obj
h:\课程设计\陈斌程序\陈斌程序\mapManager versions\mapManager最终\mapManager - 副本\debug\polysymboldlg.obj
h:\课程设计\陈斌程序\陈斌程序\mapManager versions\mapManager最终\mapManager - 副本\debug\sizecbar.obj
h:\课程设计\陈斌程序\陈斌程序\mapManager versions\mapManager最终\mapManager - 副本\debug\splash.obj
h:\课程设计\陈斌程序\陈斌程序\mapManager versions\mapManager最终\mapManager - 副本\debug\truecolortoolbar.obj
h:\课程设计\陈斌程序\陈斌程序\mapManager versions\mapManager最终\mapManager - 副本\debug\viewbitmap.obj
h:\课程设计\陈斌程序\陈斌程序\mapManager versions\mapManager最终\mapManager - 副本\debug\geopolygon.sbr
h:\课程设计\陈斌程序\陈斌程序\mapManager versions\mapManager最终\mapManager - 副本\debug\geopoint.sbr
h:\课程设计\陈斌程序\陈斌程序\mapManager versions\mapManager最终\mapManager - 副本\debug\geoobject.sbr
h:\课程设计\陈斌程序\陈斌程序\mapManager versions\mapManager最终\mapManager - 副本\debug\geomap.sbr
h:\课程设计\陈斌程序\陈斌程序\mapManager versions\mapManager最终\mapManager - 副本\debug\geoline.sbr
h:\课程设计\陈斌程序\陈斌程序\mapManager versions\mapManager最终\mapManager - 副本\debug\geolayer.sbr
h:\课程设计\陈斌程序\陈斌程序\mapManager versions\mapManager最终\mapManager - 副本\debug\geoanno.sbr
h:\课程设计\陈斌程序\陈斌程序\mapManager versions\mapManager最终\mapManager - 副本\debug\dockpagebar.sbr
h:\课程设计\陈斌程序\陈斌程序\mapManager versions\mapManager最终\mapManager - 副本\debug\cooltabctrl.sbr
h:\课程设计\陈斌程序\陈斌程序\mapManager versions\mapManager最终\mapManager - 副本\debug\changeformat.sbr
h:\课程设计\陈斌程序\陈斌程序\mapManager versions\mapManager最终\mapManager - 副本\debug\autohidebar.sbr
h:\课程设计\陈斌程序\陈斌程序\mapManager versions\mapManager最终\mapManager - 副本\debug\annosymboldlg.sbr
h:\课程设计\陈斌程序\陈斌程序\mapManager versions\mapManager最终\mapManager - 副本\debug\annosymboldlg.obj
h:\课程设计\陈斌程序\陈斌程序\mapManager versions\mapManager最终\mapManager - 副本\debug\autohidebar.obj
h:\课程设计\陈斌程序\陈斌程序\mapManager versions\mapManager最终\mapManager - 副本\debug\changeformat.obj
h:\课程设计\陈斌程序\陈斌程序\mapManager versions\mapManager最终\mapManager - 副本\debug\cooltabctrl.obj
h:\课程设计\陈斌程序\陈斌程序\mapManager versions\mapManager最终\mapManager - 副本\debug\dockpagebar.obj
h:\课程设计\陈斌程序\陈斌程序\mapManager versions\mapManager最终\mapManager - 副本\debug\geoanno.obj
h:\课程设计\陈斌程序\陈斌程序\mapManager versions\mapManager最终\mapManager - 副本\debug\geolayer.obj
h:\课程设计\陈斌程序\陈斌程序\mapManager versions\mapManager最终\mapManager - 副本\debug\geoline.obj
h:\课程设计\陈斌程序\陈斌程序\mapManager versions\mapManager最终\mapManager - 副本\debug\geomap.obj
h:\课程设计\陈斌程序\陈斌程序\mapManager versions\mapManager最终\mapManager - 副本\debug\geoobject.obj
h:\课程设计\陈斌程序\陈斌程序\mapManager versions\mapManager最终\mapManager - 副本\debug\geopoint.obj
h:\课程设计\陈斌程序\陈斌程序\mapManager versions\mapManager最终\mapManager - 副本\debug\geopolygon.obj
h:\课程设计\陈斌程序\陈斌程序\mapManager versions\mapManager最终\mapManager - 副本\debug\appmodul.sbr
h:\课程设计\陈斌程序\陈斌程序\mapManager versions\mapManager最终\mapManager - 副本\debug\appmodul.obj
h:\课程设计\陈斌程序\陈斌程序\mapManager versions\mapManager最终\mapManager - 副本\debug\mapManager.ilk
h:\课程设计\陈斌程序\陈斌程序\mapManager versions\mapManager最终\mapManager - 副本\debug\mapManager.exe
h:\课程设计\陈斌程序\陈斌程序\mapManager versions\mapManager最终\mapManager - 副本\debug\mapManager.exe.intermediate.manifest
h:\课程设计\陈斌程序\陈斌程序\mapManager versions\mapManager最终\mapManager - 副本\debug\mapManager.pdb
h:\课程设计\陈斌程序\陈斌程序\mapManager versions\mapManager最终\mapManager - 副本\debug\mapManager.exe.embed.manifest
h:\课程设计\陈斌程序\陈斌程序\mapManager versions\mapManager最终\mapManager - 副本\debug\mapManager.res
h:\课程设计\陈斌程序\陈斌程序\mapManager versions\mapManager最终\mapManager - 副本\debug\mapManager.exe.embed.manifest.res
\\psf\home\desktop\sourcetree\实习程序\mapManager versions\mapManager最终\mapManager - 副本\debug\mapManager.pch
\\psf\home\desktop\sourcetree\实习程序\mapManager versions\mapManager最终\mapManager - 副本\debug\vc120.pdb
\\psf\home\desktop\sourcetree\实习程序\mapManager versions\mapManager最终\mapManager - 副本\debug\vc120.idb
\\psf\home\desktop\sourcetree\实习程序\mapManager versions\mapManager最终\mapManager - 副本\debug\stdafx.sbr
\\psf\home\desktop\sourcetree\实习程序\mapManager versions\mapManager最终\mapManager - 副本\debug\stdafx.obj
\\psf\home\desktop\sourcetree\实习程序\mapManager versions\mapManager最终\mapManager - 副本\debug\viewbitmap.sbr
\\psf\home\desktop\sourcetree\实习程序\mapManager versions\mapManager最终\mapManager - 副本\debug\truecolortoolbar.sbr
\\psf\home\desktop\sourcetree\实习程序\mapManager versions\mapManager最终\mapManager - 副本\debug\splash.sbr
\\psf\home\desktop\sourcetree\实习程序\mapManager versions\mapManager最终\mapManager - 副本\debug\sizecbar.sbr
\\psf\home\desktop\sourcetree\实习程序\mapManager versions\mapManager最终\mapManager - 副本\debug\polysymboldlg.sbr
\\psf\home\desktop\sourcetree\实习程序\mapManager versions\mapManager最终\mapManager - 副本\debug\polygonsymbol.sbr
\\psf\home\desktop\sourcetree\实习程序\mapManager versions\mapManager最终\mapManager - 副本\debug\pointsymboldlg.sbr
\\psf\home\desktop\sourcetree\实习程序\mapManager versions\mapManager最终\mapManager - 副本\debug\pointsymbol.sbr
\\psf\home\desktop\sourcetree\实习程序\mapManager versions\mapManager最终\mapManager - 副本\debug\mapManagerview.sbr
\\psf\home\desktop\sourcetree\实习程序\mapManager versions\mapManager最终\mapManager - 副本\debug\mapManagerdockpagebar.sbr
\\psf\home\desktop\sourcetree\实习程序\mapManager versions\mapManager最终\mapManager - 副本\debug\mapManagerdoc.sbr
\\psf\home\desktop\sourcetree\实习程序\mapManager versions\mapManager最终\mapManager - 副本\debug\mapManager.sbr
\\psf\home\desktop\sourcetree\实习程序\mapManager versions\mapManager最终\mapManager - 副本\debug\maptree.sbr
\\psf\home\desktop\sourcetree\实习程序\mapManager versions\mapManager最终\mapManager - 副本\debug\mainfrm.sbr
\\psf\home\desktop\sourcetree\实习程序\mapManager versions\mapManager最终\mapManager - 副本\debug\linesymboldlg.sbr
\\psf\home\desktop\sourcetree\实习程序\mapManager versions\mapManager最终\mapManager - 副本\debug\linesymbol.sbr
\\psf\home\desktop\sourcetree\实习程序\mapManager versions\mapManager最终\mapManager - 副本\debug\layerchoosedlg.sbr
\\psf\home\desktop\sourcetree\实习程序\mapManager versions\mapManager最终\mapManager - 副本\debug\index.sbr
\\psf\home\desktop\sourcetree\实习程序\mapManager versions\mapManager最终\mapManager - 副本\debug\hawkeyedlg.sbr
\\psf\home\desktop\sourcetree\实习程序\mapManager versions\mapManager最终\mapManager - 副本\debug\grid.sbr
\\psf\home\desktop\sourcetree\实习程序\mapManager versions\mapManager最终\mapManager - 副本\debug\grid.obj
\\psf\home\desktop\sourcetree\实习程序\mapManager versions\mapManager最终\mapManager - 副本\debug\hawkeyedlg.obj
\\psf\home\desktop\sourcetree\实习程序\mapManager versions\mapManager最终\mapManager - 副本\debug\index.obj
\\psf\home\desktop\sourcetree\实习程序\mapManager versions\mapManager最终\mapManager - 副本\debug\layerchoosedlg.obj
\\psf\home\desktop\sourcetree\实习程序\mapManager versions\mapManager最终\mapManager - 副本\debug\linesymbol.obj
\\psf\home\desktop\sourcetree\实习程序\mapManager versions\mapManager最终\mapManager - 副本\debug\linesymboldlg.obj
\\psf\home\desktop\sourcetree\实习程序\mapManager versions\mapManager最终\mapManager - 副本\debug\mainfrm.obj
\\psf\home\desktop\sourcetree\实习程序\mapManager versions\mapManager最终\mapManager - 副本\debug\maptree.obj
\\psf\home\desktop\sourcetree\实习程序\mapManager versions\mapManager最终\mapManager - 副本\debug\mapManager.obj
\\psf\home\desktop\sourcetree\实习程序\mapManager versions\mapManager最终\mapManager - 副本\debug\mapManagerdoc.obj
\\psf\home\desktop\sourcetree\实习程序\mapManager versions\mapManager最终\mapManager - 副本\debug\mapManagerdockpagebar.obj
\\psf\home\desktop\sourcetree\实习程序\mapManager versions\mapManager最终\mapManager - 副本\debug\mapManagerview.obj
\\psf\home\desktop\sourcetree\实习程序\mapManager versions\mapManager最终\mapManager - 副本\debug\pointsymbol.obj
\\psf\home\desktop\sourcetree\实习程序\mapManager versions\mapManager最终\mapManager - 副本\debug\pointsymboldlg.obj
\\psf\home\desktop\sourcetree\实习程序\mapManager versions\mapManager最终\mapManager - 副本\debug\polygonsymbol.obj
\\psf\home\desktop\sourcetree\实习程序\mapManager versions\mapManager最终\mapManager - 副本\debug\polysymboldlg.obj
\\psf\home\desktop\sourcetree\实习程序\mapManager versions\mapManager最终\mapManager - 副本\debug\sizecbar.obj
\\psf\home\desktop\sourcetree\实习程序\mapManager versions\mapManager最终\mapManager - 副本\debug\splash.obj
\\psf\home\desktop\sourcetree\实习程序\mapManager versions\mapManager最终\mapManager - 副本\debug\truecolortoolbar.obj
\\psf\home\desktop\sourcetree\实习程序\mapManager versions\mapManager最终\mapManager - 副本\debug\viewbitmap.obj
\\psf\home\desktop\sourcetree\实习程序\mapManager versions\mapManager最终\mapManager - 副本\debug\geopolygon.sbr
\\psf\home\desktop\sourcetree\实习程序\mapManager versions\mapManager最终\mapManager - 副本\debug\geopoint.sbr
\\psf\home\desktop\sourcetree\实习程序\mapManager versions\mapManager最终\mapManager - 副本\debug\geoobject.sbr
\\psf\home\desktop\sourcetree\实习程序\mapManager versions\mapManager最终\mapManager - 副本\debug\geomap.sbr
\\psf\home\desktop\sourcetree\实习程序\mapManager versions\mapManager最终\mapManager - 副本\debug\geoline.sbr
\\psf\home\desktop\sourcetree\实习程序\mapManager versions\mapManager最终\mapManager - 副本\debug\geolayer.sbr
\\psf\home\desktop\sourcetree\实习程序\mapManager versions\mapManager最终\mapManager - 副本\debug\geoanno.sbr
\\psf\home\desktop\sourcetree\实习程序\mapManager versions\mapManager最终\mapManager - 副本\debug\dockpagebar.sbr
\\psf\home\desktop\sourcetree\实习程序\mapManager versions\mapManager最终\mapManager - 副本\debug\cooltabctrl.sbr
\\psf\home\desktop\sourcetree\实习程序\mapManager versions\mapManager最终\mapManager - 副本\debug\changeformat.sbr
\\psf\home\desktop\sourcetree\实习程序\mapManager versions\mapManager最终\mapManager - 副本\debug\autohidebar.sbr
\\psf\home\desktop\sourcetree\实习程序\mapManager versions\mapManager最终\mapManager - 副本\debug\annosymboldlg.sbr
\\psf\home\desktop\sourcetree\实习程序\mapManager versions\mapManager最终\mapManager - 副本\debug\annosymboldlg.obj
\\psf\home\desktop\sourcetree\实习程序\mapManager versions\mapManager最终\mapManager - 副本\debug\autohidebar.obj
\\psf\home\desktop\sourcetree\实习程序\mapManager versions\mapManager最终\mapManager - 副本\debug\changeformat.obj
\\psf\home\desktop\sourcetree\实习程序\mapManager versions\mapManager最终\mapManager - 副本\debug\cooltabctrl.obj
\\psf\home\desktop\sourcetree\实习程序\mapManager versions\mapManager最终\mapManager - 副本\debug\dockpagebar.obj
\\psf\home\desktop\sourcetree\实习程序\mapManager versions\mapManager最终\mapManager - 副本\debug\geoanno.obj
\\psf\home\desktop\sourcetree\实习程序\mapManager versions\mapManager最终\mapManager - 副本\debug\geolayer.obj
\\psf\home\desktop\sourcetree\实习程序\mapManager versions\mapManager最终\mapManager - 副本\debug\geoline.obj
\\psf\home\desktop\sourcetree\实习程序\mapManager versions\mapManager最终\mapManager - 副本\debug\geomap.obj
\\psf\home\desktop\sourcetree\实习程序\mapManager versions\mapManager最终\mapManager - 副本\debug\geoobject.obj
\\psf\home\desktop\sourcetree\实习程序\mapManager versions\mapManager最终\mapManager - 副本\debug\geopoint.obj
\\psf\home\desktop\sourcetree\实习程序\mapManager versions\mapManager最终\mapManager - 副本\debug\geopolygon.obj
\\psf\home\desktop\sourcetree\实习程序\mapManager versions\mapManager最终\mapManager - 副本\debug\appmodul.obj
\\psf\home\desktop\sourcetree\实习程序\mapManager versions\mapManager最终\mapManager - 副本\debug\mapManager.ilk
\\psf\home\desktop\sourcetree\实习程序\mapManager versions\mapManager最终\mapManager - 副本\debug\bscmake.command.1.tlog
\\psf\home\desktop\sourcetree\实习程序\mapManager versions\mapManager最终\mapManager - 副本\debug\bscmake.read.1.tlog
\\psf\home\desktop\sourcetree\实习程序\mapManager versions\mapManager最终\mapManager - 副本\debug\bscmake.write.1.tlog
\\psf\home\desktop\sourcetree\实习程序\mapManager versions\mapManager最终\mapManager - 副本\debug\cl.command.1.tlog
\\psf\home\desktop\sourcetree\实习程序\mapManager versions\mapManager最终\mapManager - 副本\debug\cl.read.1.tlog
\\psf\home\desktop\sourcetree\实习程序\mapManager versions\mapManager最终\mapManager - 副本\debug\cl.write.1.tlog
\\psf\home\desktop\sourcetree\实习程序\mapManager versions\mapManager最终\mapManager - 副本\debug\link-cvtres.read.1.tlog
\\psf\home\desktop\sourcetree\实习程序\mapManager versions\mapManager最终\mapManager - 副本\debug\link-cvtres.write.1.tlog
\\psf\home\desktop\sourcetree\实习程序\mapManager versions\mapManager最终\mapManager - 副本\debug\link.command.1.tlog
\\psf\home\desktop\sourcetree\实习程序\mapManager versions\mapManager最终\mapManager - 副本\debug\link.read.1.tlog
\\psf\home\desktop\sourcetree\实习程序\mapManager versions\mapManager最终\mapManager - 副本\debug\link.write.1.tlog
\\psf\home\desktop\sourcetree\实习程序\mapManager versions\mapManager最终\mapManager - 副本\debug\mt.command.1.tlog
\\psf\home\desktop\sourcetree\实习程序\mapManager versions\mapManager最终\mapManager - 副本\debug\mt.read.1.tlog
\\psf\home\desktop\sourcetree\实习程序\mapManager versions\mapManager最终\mapManager - 副本\debug\mt.write.1.tlog
\\psf\home\desktop\sourcetree\实习程序\mapManager versions\mapManager最终\mapManager - 副本\debug\rc.command.1.tlog
\\psf\home\desktop\sourcetree\实习程序\mapManager versions\mapManager最终\mapManager - 副本\debug\rc.read.1.tlog
\\psf\home\desktop\sourcetree\实习程序\mapManager versions\mapManager最终\mapManager - 副本\debug\rc.write.1.tlog
\\psf\home\desktop\sourcetree\实习程序\mapManager versions\mapManager最终\mapManager - 副本\debug\mapManager.exe.embed.manifest
\\psf\home\desktop\sourcetree\实习程序\mapManager versions\mapManager最终\mapManager - 副本\debug\mapManager.exe.intermediate.manifest
\\psf\home\desktop\sourcetree\实习程序\mapManager versions\mapManager最终\mapManager - 副本\debug\mapManager.exe.embed.manifest.res
\\psf\home\desktop\sourcetree\实习程序\mapManager versions\mapManager最终\mapManager - 副本\debug\mapManager.res
\\psf\home\desktop\sourcetree\实习程序\mapManager versions\mapManager最终\mapManager - 副本\debug\vc100.idb
\\psf\home\desktop\sourcetree\实习程序\mapManager versions\mapManager最终\mapManager - 副本\debug\mapManager.pdb
\\psf\home\desktop\sourcetree\实习程序\mapManager versions\mapManager最终\mapManager - 副本\debug\vc100.pdb
\\psf\home\desktop\sourcetree\实习程序\mapManager versions\mapManager最终\mapManager - 副本\debug\mapManager_manifest.rc
\\psf\home\desktop\sourcetree\实习程序\mapManager versions\mapManager最终\mapManager - 副本\debug\mapManager.bsc
\\psf\home\desktop\sourcetree\实习程序\mapManager versions\mapManager最终\mapManager - 副本\debug\appmodul.sbr
\\psf\home\desktop\sourcetree\实习程序\mapManager versions\mapManager最终\mapManager - 副本\.\debug\mapManager.exe
\\psf\home\desktop\sourcetree\实习程序\mapManager versions\mapManager最终\mapManager - 副本\.\debug\mapManager.exe.intermediate.manifest
\\psf\home\desktop\sourcetree\实习程序\mapManager versions\mapManager最终\mapManager - 副本\debug\mapManager.tlog\cl.command.1.tlog
\\psf\home\desktop\sourcetree\实习程序\mapManager versions\mapManager最终\mapManager - 副本\debug\mapManager.tlog\cl.read.1.tlog
\\psf\home\desktop\sourcetree\实习程序\mapManager versions\mapManager最终\mapManager - 副本\debug\mapManager.tlog\cl.write.1.tlog
